[2017-12-09 19:27:04,493] INFO [controller-event-thread]: Starting (kafka.controller.ControllerEventManager$ControllerEventThread)
[2017-12-09 19:27:04,512] INFO [Controller id=0] 0 successfully elected as the controller (kafka.controller.KafkaController)
[2017-12-09 19:27:04,512] INFO [Controller id=0] Starting become controller state transition (kafka.controller.KafkaController)
[2017-12-09 19:27:04,522] INFO [Controller id=0] Incremented epoch to 1 (kafka.controller.KafkaController)
[2017-12-09 19:27:04,527] DEBUG [Controller id=0] Registering IsrChangeNotificationListener (kafka.controller.KafkaController)
[2017-12-09 19:27:04,555] DEBUG [Controller id=0] Registering logDirEventNotificationListener (kafka.controller.KafkaController)
[2017-12-09 19:27:04,588] INFO [Controller id=0] Partitions being reassigned: Map() (kafka.controller.KafkaController)
[2017-12-09 19:27:04,589] INFO [Controller id=0] Partitions already reassigned: Set() (kafka.controller.KafkaController)
[2017-12-09 19:27:04,593] INFO [Controller id=0] Resuming reassignment of partitions: Map() (kafka.controller.KafkaController)
[2017-12-09 19:27:04,594] INFO [Controller id=0] Currently active brokers in the cluster: Set() (kafka.controller.KafkaController)
[2017-12-09 19:27:04,595] INFO [Controller id=0] Currently shutting brokers in the cluster: Set() (kafka.controller.KafkaController)
[2017-12-09 19:27:04,595] INFO [Controller id=0] Current list of topics in the cluster: Set() (kafka.controller.KafkaController)
[2017-12-09 19:27:04,603] INFO [Controller id=0] List of topics to be deleted:  (kafka.controller.KafkaController)
[2017-12-09 19:27:04,603] INFO [Controller id=0] List of topics ineligible for deletion:  (kafka.controller.KafkaController)
[2017-12-09 19:27:04,624] INFO [ReplicaStateMachine controllerId=0] Started replica state machine with initial state -> Map() (kafka.controller.ReplicaStateMachine)
[2017-12-09 19:27:04,625] INFO [PartitionStateMachine controllerId=0] Started partition state machine with initial state -> Map() (kafka.controller.PartitionStateMachine)
[2017-12-09 19:27:04,626] INFO [Controller id=0] Ready to serve as the new controller with epoch 1 (kafka.controller.KafkaController)
[2017-12-09 19:27:04,628] INFO [Controller id=0] Partitions undergoing preferred replica election:  (kafka.controller.KafkaController)
[2017-12-09 19:27:04,628] INFO [Controller id=0] Partitions that completed preferred replica election:  (kafka.controller.KafkaController)
[2017-12-09 19:27:04,628] INFO [Controller id=0] Skipping preferred replica election for partitions due to topic deletion:  (kafka.controller.KafkaController)
[2017-12-09 19:27:04,629] INFO [Controller id=0] Resuming preferred replica election for partitions:  (kafka.controller.KafkaController)
[2017-12-09 19:27:04,629] INFO [Controller id=0] Starting preferred replica leader election for partitions  (kafka.controller.KafkaController)
[2017-12-09 19:27:04,631] INFO [PartitionStateMachine controllerId=0] Invoking state change to OnlinePartition for partitions  (kafka.controller.PartitionStateMachine)
[2017-12-09 19:27:04,637] INFO [Controller id=0] Starting the controller scheduler (kafka.controller.KafkaController)
[2017-12-09 19:27:07,895] INFO [controller-event-thread]: Shutting down (kafka.controller.ControllerEventManager$ControllerEventThread)
[2017-12-09 19:27:07,896] INFO [controller-event-thread]: Stopped (kafka.controller.ControllerEventManager$ControllerEventThread)
[2017-12-09 19:27:07,896] INFO [controller-event-thread]: Shutdown completed (kafka.controller.ControllerEventManager$ControllerEventThread)
[2017-12-09 19:27:07,897] DEBUG [Controller id=0] Resigning (kafka.controller.KafkaController)
[2017-12-09 19:27:07,897] DEBUG [Controller id=0] De-registering IsrChangeNotificationListener (kafka.controller.KafkaController)
[2017-12-09 19:27:07,898] DEBUG [Controller id=0] De-registering logDirEventNotificationListener (kafka.controller.KafkaController)
[2017-12-09 19:27:07,899] INFO [PartitionStateMachine controllerId=0] Stopped partition state machine (kafka.controller.PartitionStateMachine)
[2017-12-09 19:27:07,900] INFO [ReplicaStateMachine controllerId=0] Stopped replica state machine (kafka.controller.ReplicaStateMachine)
[2017-12-09 19:27:07,901] INFO [Controller id=0] Resigned (kafka.controller.KafkaController)
[2017-12-09 19:30:48,679] INFO [controller-event-thread]: Starting (kafka.controller.ControllerEventManager$ControllerEventThread)
[2017-12-09 19:30:48,703] INFO [Controller id=0] 0 successfully elected as the controller (kafka.controller.KafkaController)
[2017-12-09 19:30:48,703] INFO [Controller id=0] Starting become controller state transition (kafka.controller.KafkaController)
[2017-12-09 19:30:48,705] INFO [Controller id=0] Initialized controller epoch to 1 and zk version 0 (kafka.controller.KafkaController)
[2017-12-09 19:30:48,710] INFO [Controller id=0] Incremented epoch to 2 (kafka.controller.KafkaController)
[2017-12-09 19:30:48,715] DEBUG [Controller id=0] Registering IsrChangeNotificationListener (kafka.controller.KafkaController)
[2017-12-09 19:30:48,721] DEBUG [Controller id=0] Registering logDirEventNotificationListener (kafka.controller.KafkaController)
[2017-12-09 19:30:48,731] INFO [Controller id=0] Partitions being reassigned: Map() (kafka.controller.KafkaController)
[2017-12-09 19:30:48,732] INFO [Controller id=0] Partitions already reassigned: Set() (kafka.controller.KafkaController)
[2017-12-09 19:30:48,733] INFO [Controller id=0] Resuming reassignment of partitions: Map() (kafka.controller.KafkaController)
[2017-12-09 19:30:48,734] INFO [Controller id=0] Currently active brokers in the cluster: Set() (kafka.controller.KafkaController)
[2017-12-09 19:30:48,734] INFO [Controller id=0] Currently shutting brokers in the cluster: Set() (kafka.controller.KafkaController)
[2017-12-09 19:30:48,735] INFO [Controller id=0] Current list of topics in the cluster: Set() (kafka.controller.KafkaController)
[2017-12-09 19:30:48,737] INFO [Controller id=0] List of topics to be deleted:  (kafka.controller.KafkaController)
[2017-12-09 19:30:48,738] INFO [Controller id=0] List of topics ineligible for deletion:  (kafka.controller.KafkaController)
[2017-12-09 19:30:48,754] INFO [ReplicaStateMachine controllerId=0] Started replica state machine with initial state -> Map() (kafka.controller.ReplicaStateMachine)
[2017-12-09 19:30:48,757] INFO [PartitionStateMachine controllerId=0] Started partition state machine with initial state -> Map() (kafka.controller.PartitionStateMachine)
[2017-12-09 19:30:48,757] INFO [Controller id=0] Ready to serve as the new controller with epoch 2 (kafka.controller.KafkaController)
[2017-12-09 19:30:48,760] INFO [Controller id=0] Partitions undergoing preferred replica election:  (kafka.controller.KafkaController)
[2017-12-09 19:30:48,760] INFO [Controller id=0] Partitions that completed preferred replica election:  (kafka.controller.KafkaController)
[2017-12-09 19:30:48,760] INFO [Controller id=0] Skipping preferred replica election for partitions due to topic deletion:  (kafka.controller.KafkaController)
[2017-12-09 19:30:48,761] INFO [Controller id=0] Resuming preferred replica election for partitions:  (kafka.controller.KafkaController)
[2017-12-09 19:30:48,761] INFO [Controller id=0] Starting preferred replica leader election for partitions  (kafka.controller.KafkaController)
[2017-12-09 19:30:48,763] INFO [PartitionStateMachine controllerId=0] Invoking state change to OnlinePartition for partitions  (kafka.controller.PartitionStateMachine)
[2017-12-09 19:30:48,768] INFO [Controller id=0] Starting the controller scheduler (kafka.controller.KafkaController)
[2017-12-09 19:30:53,773] TRACE [Controller id=0] Checking need to trigger auto leader balancing (kafka.controller.KafkaController)
[2017-12-09 19:30:53,783] DEBUG [Controller id=0] Preferred replicas by broker Map() (kafka.controller.KafkaController)
[2017-12-09 19:30:54,491] INFO [controller-event-thread]: Shutting down (kafka.controller.ControllerEventManager$ControllerEventThread)
[2017-12-09 19:30:54,491] INFO [controller-event-thread]: Stopped (kafka.controller.ControllerEventManager$ControllerEventThread)
[2017-12-09 19:30:54,491] INFO [controller-event-thread]: Shutdown completed (kafka.controller.ControllerEventManager$ControllerEventThread)
[2017-12-09 19:30:54,492] DEBUG [Controller id=0] Resigning (kafka.controller.KafkaController)
[2017-12-09 19:30:54,492] DEBUG [Controller id=0] De-registering IsrChangeNotificationListener (kafka.controller.KafkaController)
[2017-12-09 19:30:54,493] DEBUG [Controller id=0] De-registering logDirEventNotificationListener (kafka.controller.KafkaController)
[2017-12-09 19:30:54,494] INFO [PartitionStateMachine controllerId=0] Stopped partition state machine (kafka.controller.PartitionStateMachine)
[2017-12-09 19:30:54,495] INFO [ReplicaStateMachine controllerId=0] Stopped replica state machine (kafka.controller.ReplicaStateMachine)
[2017-12-09 19:30:54,496] INFO [Controller id=0] Resigned (kafka.controller.KafkaController)
