[2017-12-09 19:26:42,413] FATAL  (kafka.Kafka$)
java.io.FileNotFoundException: config/server.properties (No such file or directory)
	at java.io.FileInputStream.open0(Native Method)
	at java.io.FileInputStream.open(FileInputStream.java:195)
	at java.io.FileInputStream.<init>(FileInputStream.java:138)
	at java.io.FileInputStream.<init>(FileInputStream.java:93)
	at org.apache.kafka.common.utils.Utils.loadProps(Utils.java:495)
	at kafka.Kafka$.getPropsFromArgs(Kafka.scala:44)
	at kafka.Kafka$.main(Kafka.scala:81)
	at kafka.Kafka.main(Kafka.scala)
[2017-12-09 19:27:03,318] INFO KafkaConfig values: 
	advertised.host.name = null
	advertised.listeners = null
	advertised.port = null
	alter.config.policy.class.name = null
	authorizer.class.name = 
	auto.create.topics.enable = true
	auto.leader.rebalance.enable = true
	background.threads = 10
	broker.id = 0
	broker.id.generation.enable = true
	broker.rack = null
	compression.type = producer
	connections.max.idle.ms = 600000
	controlled.shutdown.enable = true
	controlled.shutdown.max.retries = 3
	controlled.shutdown.retry.backoff.ms = 5000
	controller.socket.timeout.ms = 30000
	create.topic.policy.class.name = null
	default.replication.factor = 1
	delete.records.purgatory.purge.interval.requests = 1
	delete.topic.enable = true
	fetch.purgatory.purge.interval.requests = 1000
	group.initial.rebalance.delay.ms = 0
	group.max.session.timeout.ms = 300000
	group.min.session.timeout.ms = 6000
	host.name = 
	inter.broker.listener.name = null
	inter.broker.protocol.version = 1.0-IV0
	leader.imbalance.check.interval.seconds = 300
	leader.imbalance.per.broker.percentage = 10
	listener.security.protocol.map = PLAINTEXT:PLAINTEXT,SSL:SSL,SASL_PLAINTEXT:SASL_PLAINTEXT,SASL_SSL:SASL_SSL
	listeners = null
	log.cleaner.backoff.ms = 15000
	log.cleaner.dedupe.buffer.size = 134217728
	log.cleaner.delete.retention.ms = 86400000
	log.cleaner.enable = true
	log.cleaner.io.buffer.load.factor = 0.9
	log.cleaner.io.buffer.size = 524288
	log.cleaner.io.max.bytes.per.second = 1.7976931348623157E308
	log.cleaner.min.cleanable.ratio = 0.5
	log.cleaner.min.compaction.lag.ms = 0
	log.cleaner.threads = 1
	log.cleanup.policy = [delete]
	log.dir = /tmp/kafka-logs
	log.dirs = /tmp/kafka-logs
	log.flush.interval.messages = 9223372036854775807
	log.flush.interval.ms = null
	log.flush.offset.checkpoint.interval.ms = 60000
	log.flush.scheduler.interval.ms = 9223372036854775807
	log.flush.start.offset.checkpoint.interval.ms = 60000
	log.index.interval.bytes = 4096
	log.index.size.max.bytes = 10485760
	log.message.format.version = 1.0-IV0
	log.message.timestamp.difference.max.ms = 9223372036854775807
	log.message.timestamp.type = CreateTime
	log.preallocate = false
	log.retention.bytes = -1
	log.retention.check.interval.ms = 300000
	log.retention.hours = 168
	log.retention.minutes = null
	log.retention.ms = null
	log.roll.hours = 168
	log.roll.jitter.hours = 0
	log.roll.jitter.ms = null
	log.roll.ms = null
	log.segment.bytes = 1073741824
	log.segment.delete.delay.ms = 60000
	max.connections.per.ip = 2147483647
	max.connections.per.ip.overrides = 
	message.max.bytes = 1000012
	metric.reporters = []
	metrics.num.samples = 2
	metrics.recording.level = INFO
	metrics.sample.window.ms = 30000
	min.insync.replicas = 1
	num.io.threads = 8
	num.network.threads = 3
	num.partitions = 1
	num.recovery.threads.per.data.dir = 1
	num.replica.fetchers = 1
	offset.metadata.max.bytes = 4096
	offsets.commit.required.acks = -1
	offsets.commit.timeout.ms = 5000
	offsets.load.buffer.size = 5242880
	offsets.retention.check.interval.ms = 600000
	offsets.retention.minutes = 1440
	offsets.topic.compression.codec = 0
	offsets.topic.num.partitions = 50
	offsets.topic.replication.factor = 1
	offsets.topic.segment.bytes = 104857600
	port = 9092
	principal.builder.class = null
	producer.purgatory.purge.interval.requests = 1000
	queued.max.request.bytes = -1
	queued.max.requests = 500
	quota.consumer.default = 9223372036854775807
	quota.producer.default = 9223372036854775807
	quota.window.num = 11
	quota.window.size.seconds = 1
	replica.fetch.backoff.ms = 1000
	replica.fetch.max.bytes = 1048576
	replica.fetch.min.bytes = 1
	replica.fetch.response.max.bytes = 10485760
	replica.fetch.wait.max.ms = 500
	replica.high.watermark.checkpoint.interval.ms = 5000
	replica.lag.time.max.ms = 10000
	replica.socket.receive.buffer.bytes = 65536
	replica.socket.timeout.ms = 30000
	replication.quota.window.num = 11
	replication.quota.window.size.seconds = 1
	request.timeout.ms = 30000
	reserved.broker.max.id = 1000
	sasl.enabled.mechanisms = [GSSAPI]
	sasl.kerberos.kinit.cmd = /usr/bin/kinit
	sasl.kerberos.min.time.before.relogin = 60000
	sasl.kerberos.principal.to.local.rules = [DEFAULT]
	sasl.kerberos.service.name = null
	sasl.kerberos.ticket.renew.jitter = 0.05
	sasl.kerberos.ticket.renew.window.factor = 0.8
	sasl.mechanism.inter.broker.protocol = GSSAPI
	security.inter.broker.protocol = PLAINTEXT
	socket.receive.buffer.bytes = 102400
	socket.request.max.bytes = 104857600
	socket.send.buffer.bytes = 102400
	ssl.cipher.suites = null
	ssl.client.auth = none
	ssl.enabled.protocols = [TLSv1.2, TLSv1.1, TLSv1]
	ssl.endpoint.identification.algorithm = null
	ssl.key.password = null
	ssl.keymanager.algorithm = SunX509
	ssl.keystore.location = null
	ssl.keystore.password = null
	ssl.keystore.type = JKS
	ssl.protocol = TLS
	ssl.provider = null
	ssl.secure.random.implementation = null
	ssl.trustmanager.algorithm = PKIX
	ssl.truststore.location = null
	ssl.truststore.password = null
	ssl.truststore.type = JKS
	transaction.abort.timed.out.transaction.cleanup.interval.ms = 60000
	transaction.max.timeout.ms = 900000
	transaction.remove.expired.transaction.cleanup.interval.ms = 3600000
	transaction.state.log.load.buffer.size = 5242880
	transaction.state.log.min.isr = 1
	transaction.state.log.num.partitions = 50
	transaction.state.log.replication.factor = 1
	transaction.state.log.segment.bytes = 104857600
	transactional.id.expiration.ms = 604800000
	unclean.leader.election.enable = false
	zookeeper.connect = localhost:2181
	zookeeper.connection.timeout.ms = 6000
	zookeeper.session.timeout.ms = 6000
	zookeeper.set.acl = false
	zookeeper.sync.time.ms = 2000
 (kafka.server.KafkaConfig)
[2017-12-09 19:27:03,395] INFO starting (kafka.server.KafkaServer)
[2017-12-09 19:27:03,396] INFO Connecting to zookeeper on localhost:2181 (kafka.server.KafkaServer)
[2017-12-09 19:27:03,409] INFO Starting ZkClient event thread. (org.I0Itec.zkclient.ZkEventThread)
[2017-12-09 19:27:03,503] INFO Client environment:zookeeper.version=3.4.10-39d3a4f269333c922ed3db283be479f9deacaa0f, built on 03/23/2017 10:13 GMT (org.apache.zookeeper.ZooKeeper)
[2017-12-09 19:27:03,503] INFO Client environment:host.name=<NA> (org.apache.zookeeper.ZooKeeper)
[2017-12-09 19:27:03,504] INFO Client environment:java.version=1.8.0_151 (org.apache.zookeeper.ZooKeeper)
[2017-12-09 19:27:03,504] INFO Client environment:java.vendor=Oracle Corporation (org.apache.zookeeper.ZooKeeper)
[2017-12-09 19:27:03,504] INFO Client environment:java.home=/usr/lib/jvm/java-8-oracle/jre (org.apache.zookeeper.ZooKeeper)
[2017-12-09 19:27:03,504] INFO Client environment:java.class.path=:bin/../libs/aopalliance-repackaged-2.5.0-b32.jar:bin/../libs/argparse4j-0.7.0.jar:bin/../libs/commons-lang3-3.5.jar:bin/../libs/connect-api-1.0.0.jar:bin/../libs/connect-file-1.0.0.jar:bin/../libs/connect-json-1.0.0.jar:bin/../libs/connect-runtime-1.0.0.jar:bin/../libs/connect-transforms-1.0.0.jar:bin/../libs/guava-20.0.jar:bin/../libs/hk2-api-2.5.0-b32.jar:bin/../libs/hk2-locator-2.5.0-b32.jar:bin/../libs/hk2-utils-2.5.0-b32.jar:bin/../libs/jackson-annotations-2.9.1.jar:bin/../libs/jackson-core-2.9.1.jar:bin/../libs/jackson-databind-2.9.1.jar:bin/../libs/jackson-jaxrs-base-2.9.1.jar:bin/../libs/jackson-jaxrs-json-provider-2.9.1.jar:bin/../libs/jackson-module-jaxb-annotations-2.9.1.jar:bin/../libs/javassist-3.20.0-GA.jar:bin/../libs/javassist-3.21.0-GA.jar:bin/../libs/javax.annotation-api-1.2.jar:bin/../libs/javax.inject-1.jar:bin/../libs/javax.inject-2.5.0-b32.jar:bin/../libs/javax.servlet-api-3.1.0.jar:bin/../libs/javax.ws.rs-api-2.0.1.jar:bin/../libs/jersey-client-2.25.1.jar:bin/../libs/jersey-common-2.25.1.jar:bin/../libs/jersey-container-servlet-2.25.1.jar:bin/../libs/jersey-container-servlet-core-2.25.1.jar:bin/../libs/jersey-guava-2.25.1.jar:bin/../libs/jersey-media-jaxb-2.25.1.jar:bin/../libs/jersey-server-2.25.1.jar:bin/../libs/jetty-continuation-9.2.22.v20170606.jar:bin/../libs/jetty-http-9.2.22.v20170606.jar:bin/../libs/jetty-io-9.2.22.v20170606.jar:bin/../libs/jetty-security-9.2.22.v20170606.jar:bin/../libs/jetty-server-9.2.22.v20170606.jar:bin/../libs/jetty-servlet-9.2.22.v20170606.jar:bin/../libs/jetty-servlets-9.2.22.v20170606.jar:bin/../libs/jetty-util-9.2.22.v20170606.jar:bin/../libs/jopt-simple-5.0.4.jar:bin/../libs/kafka_2.11-1.0.0.jar:bin/../libs/kafka_2.11-1.0.0-sources.jar:bin/../libs/kafka_2.11-1.0.0-test-sources.jar:bin/../libs/kafka-clients-1.0.0.jar:bin/../libs/kafka-log4j-appender-1.0.0.jar:bin/../libs/kafka-streams-1.0.0.jar:bin/../libs/kafka-streams-examples-1.0.0.jar:bin/../libs/kafka-tools-1.0.0.jar:bin/../libs/log4j-1.2.17.jar:bin/../libs/lz4-java-1.4.jar:bin/../libs/maven-artifact-3.5.0.jar:bin/../libs/metrics-core-2.2.0.jar:bin/../libs/osgi-resource-locator-1.0.1.jar:bin/../libs/plexus-utils-3.0.24.jar:bin/../libs/reflections-0.9.11.jar:bin/../libs/rocksdbjni-5.7.3.jar:bin/../libs/scala-library-2.11.11.jar:bin/../libs/slf4j-api-1.7.25.jar:bin/../libs/slf4j-log4j12-1.7.25.jar:bin/../libs/snappy-java-1.1.4.jar:bin/../libs/validation-api-1.1.0.Final.jar:bin/../libs/zkclient-0.10.jar:bin/../libs/zookeeper-3.4.10.jar (org.apache.zookeeper.ZooKeeper)
[2017-12-09 19:27:03,505] INFO Client environment:java.library.path=/usr/java/packages/lib/amd64:/usr/lib64:/lib64:/lib:/usr/lib (org.apache.zookeeper.ZooKeeper)
[2017-12-09 19:27:03,505] INFO Client environment:java.io.tmpdir=/tmp (org.apache.zookeeper.ZooKeeper)
[2017-12-09 19:27:03,505] INFO Client environment:java.compiler=<NA> (org.apache.zookeeper.ZooKeeper)
[2017-12-09 19:27:03,505] INFO Client environment:os.name=Linux (org.apache.zookeeper.ZooKeeper)
[2017-12-09 19:27:03,505] INFO Client environment:os.arch=amd64 (org.apache.zookeeper.ZooKeeper)
[2017-12-09 19:27:03,505] INFO Client environment:os.version=4.4.0-98-generic (org.apache.zookeeper.ZooKeeper)
[2017-12-09 19:27:03,506] INFO Client environment:user.name=root (org.apache.zookeeper.ZooKeeper)
[2017-12-09 19:27:03,506] INFO Client environment:user.home=/root (org.apache.zookeeper.ZooKeeper)
[2017-12-09 19:27:03,506] INFO Client environment:user.dir=/home/ali/Documents/elastic_search_learning/04ImportingData/kafka/kafka_2.11-1.0.0 (org.apache.zookeeper.ZooKeeper)
[2017-12-09 19:27:03,508] INFO Initiating client connection, connectString=localhost:2181 sessionTimeout=6000 watcher=org.I0Itec.zkclient.ZkClient@79924b (org.apache.zookeeper.ZooKeeper)
[2017-12-09 19:27:03,548] INFO Waiting for keeper state SyncConnected (org.I0Itec.zkclient.ZkClient)
[2017-12-09 19:27:03,554] INFO Opening socket connection to server localhost/127.0.0.1:2181. Will not attempt to authenticate using SASL (unknown error) (org.apache.zookeeper.ClientCnxn)
[2017-12-09 19:27:03,566] INFO Socket connection established to localhost/127.0.0.1:2181, initiating session (org.apache.zookeeper.ClientCnxn)
[2017-12-09 19:27:03,637] INFO Session establishment complete on server localhost/127.0.0.1:2181, sessionid = 0x1603b872a430000, negotiated timeout = 6000 (org.apache.zookeeper.ClientCnxn)
[2017-12-09 19:27:03,641] INFO zookeeper state changed (SyncConnected) (org.I0Itec.zkclient.ZkClient)
[2017-12-09 19:27:03,935] INFO Cluster ID = 4nwCWPvNR8KZCClYbDdqcg (kafka.server.KafkaServer)
[2017-12-09 19:27:03,940] WARN No meta.properties file under dir /tmp/kafka-logs/meta.properties (kafka.server.BrokerMetadataCheckpoint)
[2017-12-09 19:27:03,965] INFO [ThrottledRequestReaper-Fetch]: Starting (kafka.server.ClientQuotaManager$ThrottledRequestReaper)
[2017-12-09 19:27:03,965] INFO [ThrottledRequestReaper-Produce]: Starting (kafka.server.ClientQuotaManager$ThrottledRequestReaper)
[2017-12-09 19:27:03,967] INFO [ThrottledRequestReaper-Request]: Starting (kafka.server.ClientQuotaManager$ThrottledRequestReaper)
[2017-12-09 19:27:04,022] INFO Log directory '/tmp/kafka-logs' not found, creating it. (kafka.log.LogManager)
[2017-12-09 19:27:04,029] INFO Loading logs. (kafka.log.LogManager)
[2017-12-09 19:27:04,042] INFO Logs loading complete in 12 ms. (kafka.log.LogManager)
[2017-12-09 19:27:04,165] INFO Starting log cleanup with a period of 300000 ms. (kafka.log.LogManager)
[2017-12-09 19:27:04,167] INFO Starting log flusher with a default period of 9223372036854775807 ms. (kafka.log.LogManager)
[2017-12-09 19:27:04,393] INFO Awaiting socket connections on 0.0.0.0:9092. (kafka.network.Acceptor)
[2017-12-09 19:27:04,395] INFO [SocketServer brokerId=0] Started 1 acceptor threads (kafka.network.SocketServer)
[2017-12-09 19:27:04,440] INFO [ExpirationReaper-0-Produce]: Starting (kafka.server.DelayedOperationPurgatory$ExpiredOperationReaper)
[2017-12-09 19:27:04,444] INFO [ExpirationReaper-0-Fetch]: Starting (kafka.server.DelayedOperationPurgatory$ExpiredOperationReaper)
[2017-12-09 19:27:04,448] INFO [ExpirationReaper-0-DeleteRecords]: Starting (kafka.server.DelayedOperationPurgatory$ExpiredOperationReaper)
[2017-12-09 19:27:04,458] INFO [LogDirFailureHandler]: Starting (kafka.server.ReplicaManager$LogDirFailureHandler)
[2017-12-09 19:27:04,497] INFO [ExpirationReaper-0-topic]: Starting (kafka.server.DelayedOperationPurgatory$ExpiredOperationReaper)
[2017-12-09 19:27:04,500] INFO [ExpirationReaper-0-Heartbeat]: Starting (kafka.server.DelayedOperationPurgatory$ExpiredOperationReaper)
[2017-12-09 19:27:04,500] INFO Creating /controller (is it secure? false) (kafka.utils.ZKCheckedEphemeral)
[2017-12-09 19:27:04,501] INFO [ExpirationReaper-0-Rebalance]: Starting (kafka.server.DelayedOperationPurgatory$ExpiredOperationReaper)
[2017-12-09 19:27:04,512] INFO Result of znode creation is: OK (kafka.utils.ZKCheckedEphemeral)
[2017-12-09 19:27:04,517] INFO [GroupCoordinator 0]: Starting up. (kafka.coordinator.group.GroupCoordinator)
[2017-12-09 19:27:04,518] INFO [GroupCoordinator 0]: Startup complete. (kafka.coordinator.group.GroupCoordinator)
[2017-12-09 19:27:04,519] INFO [GroupMetadataManager brokerId=0] Removed 0 expired offsets in 1 milliseconds. (kafka.coordinator.group.GroupMetadataManager)
[2017-12-09 19:27:04,542] INFO [ProducerId Manager 0]: Acquired new producerId block (brokerId:0,blockStartProducerId:0,blockEndProducerId:999) by writing to Zk with path version 1 (kafka.coordinator.transaction.ProducerIdManager)
[2017-12-09 19:27:04,561] INFO [TransactionCoordinator id=0] Starting up. (kafka.coordinator.transaction.TransactionCoordinator)
[2017-12-09 19:27:04,562] INFO [Transaction Marker Channel Manager 0]: Starting (kafka.coordinator.transaction.TransactionMarkerChannelManager)
[2017-12-09 19:27:04,562] INFO [TransactionCoordinator id=0] Startup complete. (kafka.coordinator.transaction.TransactionCoordinator)
[2017-12-09 19:27:04,708] FATAL [KafkaServer id=0] Fatal error during KafkaServer startup. Prepare to shutdown (kafka.server.KafkaServer)
java.net.UnknownHostException: 127.0.1.1ali-pc-new: 127.0.1.1ali-pc-new: Name or service not known
	at java.net.InetAddress.getLocalHost(InetAddress.java:1505)
	at kafka.server.KafkaHealthcheck$$anonfun$1.apply(KafkaHealthcheck.scala:63)
	at kafka.server.KafkaHealthcheck$$anonfun$1.apply(KafkaHealthcheck.scala:61)
	at scala.collection.TraversableLike$$anonfun$map$1.apply(TraversableLike.scala:234)
	at scala.collection.TraversableLike$$anonfun$map$1.apply(TraversableLike.scala:234)
	at scala.collection.mutable.ResizableArray$class.foreach(ResizableArray.scala:59)
	at scala.collection.mutable.ArrayBuffer.foreach(ArrayBuffer.scala:48)
	at scala.collection.TraversableLike$class.map(TraversableLike.scala:234)
	at scala.collection.AbstractTraversable.map(Traversable.scala:104)
	at kafka.server.KafkaHealthcheck.register(KafkaHealthcheck.scala:61)
	at kafka.server.KafkaHealthcheck.startup(KafkaHealthcheck.scala:53)
	at kafka.server.KafkaServer.startup(KafkaServer.scala:287)
	at kafka.server.KafkaServerStartable.startup(KafkaServerStartable.scala:38)
	at kafka.Kafka$.main(Kafka.scala:92)
	at kafka.Kafka.main(Kafka.scala)
Caused by: java.net.UnknownHostException: 127.0.1.1ali-pc-new: Name or service not known
	at java.net.Inet6AddressImpl.lookupAllHostAddr(Native Method)
	at java.net.InetAddress$2.lookupAllHostAddr(InetAddress.java:928)
	at java.net.InetAddress.getAddressesFromNameService(InetAddress.java:1323)
	at java.net.InetAddress.getLocalHost(InetAddress.java:1500)
	... 14 more
[2017-12-09 19:27:04,714] INFO [KafkaServer id=0] shutting down (kafka.server.KafkaServer)
[2017-12-09 19:27:04,720] INFO [SocketServer brokerId=0] Shutting down (kafka.network.SocketServer)
[2017-12-09 19:27:04,746] INFO [SocketServer brokerId=0] Shutdown completed (kafka.network.SocketServer)
[2017-12-09 19:27:04,749] INFO [Kafka Request Handler on Broker 0], shutting down (kafka.server.KafkaRequestHandlerPool)
[2017-12-09 19:27:04,816] INFO [Kafka Request Handler on Broker 0], shut down completely (kafka.server.KafkaRequestHandlerPool)
[2017-12-09 19:27:04,819] INFO [ThrottledRequestReaper-Fetch]: Shutting down (kafka.server.ClientQuotaManager$ThrottledRequestReaper)
[2017-12-09 19:27:04,967] INFO [ThrottledRequestReaper-Fetch]: Shutdown completed (kafka.server.ClientQuotaManager$ThrottledRequestReaper)
[2017-12-09 19:27:04,967] INFO [ThrottledRequestReaper-Fetch]: Stopped (kafka.server.ClientQuotaManager$ThrottledRequestReaper)
[2017-12-09 19:27:04,967] INFO [ThrottledRequestReaper-Produce]: Shutting down (kafka.server.ClientQuotaManager$ThrottledRequestReaper)
[2017-12-09 19:27:05,966] INFO [ThrottledRequestReaper-Produce]: Stopped (kafka.server.ClientQuotaManager$ThrottledRequestReaper)
[2017-12-09 19:27:05,966] INFO [ThrottledRequestReaper-Produce]: Shutdown completed (kafka.server.ClientQuotaManager$ThrottledRequestReaper)
[2017-12-09 19:27:05,967] INFO [ThrottledRequestReaper-Request]: Shutting down (kafka.server.ClientQuotaManager$ThrottledRequestReaper)
[2017-12-09 19:27:06,968] INFO [ThrottledRequestReaper-Request]: Stopped (kafka.server.ClientQuotaManager$ThrottledRequestReaper)
[2017-12-09 19:27:06,968] INFO [ThrottledRequestReaper-Request]: Shutdown completed (kafka.server.ClientQuotaManager$ThrottledRequestReaper)
[2017-12-09 19:27:06,970] INFO [KafkaApi-0] Shutdown complete. (kafka.server.KafkaApis)
[2017-12-09 19:27:06,972] INFO [ExpirationReaper-0-topic]: Shutting down (kafka.server.DelayedOperationPurgatory$ExpiredOperationReaper)
[2017-12-09 19:27:07,102] INFO [ExpirationReaper-0-topic]: Stopped (kafka.server.DelayedOperationPurgatory$ExpiredOperationReaper)
[2017-12-09 19:27:07,102] INFO [ExpirationReaper-0-topic]: Shutdown completed (kafka.server.DelayedOperationPurgatory$ExpiredOperationReaper)
[2017-12-09 19:27:07,108] INFO [TransactionCoordinator id=0] Shutting down. (kafka.coordinator.transaction.TransactionCoordinator)
[2017-12-09 19:27:07,111] INFO [ProducerId Manager 0]: Shutdown complete: last producerId assigned 0 (kafka.coordinator.transaction.ProducerIdManager)
[2017-12-09 19:27:07,112] INFO [Transaction State Manager 0]: Shutdown complete (kafka.coordinator.transaction.TransactionStateManager)
[2017-12-09 19:27:07,113] INFO [Transaction Marker Channel Manager 0]: Shutting down (kafka.coordinator.transaction.TransactionMarkerChannelManager)
[2017-12-09 19:27:07,114] INFO [Transaction Marker Channel Manager 0]: Stopped (kafka.coordinator.transaction.TransactionMarkerChannelManager)
[2017-12-09 19:27:07,114] INFO [Transaction Marker Channel Manager 0]: Shutdown completed (kafka.coordinator.transaction.TransactionMarkerChannelManager)
[2017-12-09 19:27:07,116] INFO [TransactionCoordinator id=0] Shutdown complete. (kafka.coordinator.transaction.TransactionCoordinator)
[2017-12-09 19:27:07,117] INFO [GroupCoordinator 0]: Shutting down. (kafka.coordinator.group.GroupCoordinator)
[2017-12-09 19:27:07,118] INFO [ExpirationReaper-0-Heartbeat]: Shutting down (kafka.server.DelayedOperationPurgatory$ExpiredOperationReaper)
[2017-12-09 19:27:07,305] INFO [ExpirationReaper-0-Heartbeat]: Stopped (kafka.server.DelayedOperationPurgatory$ExpiredOperationReaper)
[2017-12-09 19:27:07,305] INFO [ExpirationReaper-0-Heartbeat]: Shutdown completed (kafka.server.DelayedOperationPurgatory$ExpiredOperationReaper)
[2017-12-09 19:27:07,306] INFO [ExpirationReaper-0-Rebalance]: Shutting down (kafka.server.DelayedOperationPurgatory$ExpiredOperationReaper)
[2017-12-09 19:27:07,505] INFO [ExpirationReaper-0-Rebalance]: Stopped (kafka.server.DelayedOperationPurgatory$ExpiredOperationReaper)
[2017-12-09 19:27:07,505] INFO [ExpirationReaper-0-Rebalance]: Shutdown completed (kafka.server.DelayedOperationPurgatory$ExpiredOperationReaper)
[2017-12-09 19:27:07,508] INFO [GroupCoordinator 0]: Shutdown complete. (kafka.coordinator.group.GroupCoordinator)
[2017-12-09 19:27:07,510] INFO [ReplicaManager broker=0] Shutting down (kafka.server.ReplicaManager)
[2017-12-09 19:27:07,511] INFO [LogDirFailureHandler]: Shutting down (kafka.server.ReplicaManager$LogDirFailureHandler)
[2017-12-09 19:27:07,512] INFO [LogDirFailureHandler]: Stopped (kafka.server.ReplicaManager$LogDirFailureHandler)
[2017-12-09 19:27:07,512] INFO [LogDirFailureHandler]: Shutdown completed (kafka.server.ReplicaManager$LogDirFailureHandler)
[2017-12-09 19:27:07,513] INFO [ReplicaFetcherManager on broker 0] shutting down (kafka.server.ReplicaFetcherManager)
[2017-12-09 19:27:07,517] INFO [ReplicaFetcherManager on broker 0] shutdown completed (kafka.server.ReplicaFetcherManager)
[2017-12-09 19:27:07,518] INFO [ExpirationReaper-0-Fetch]: Shutting down (kafka.server.DelayedOperationPurgatory$ExpiredOperationReaper)
[2017-12-09 19:27:07,648] INFO [ExpirationReaper-0-Fetch]: Stopped (kafka.server.DelayedOperationPurgatory$ExpiredOperationReaper)
[2017-12-09 19:27:07,648] INFO [ExpirationReaper-0-Fetch]: Shutdown completed (kafka.server.DelayedOperationPurgatory$ExpiredOperationReaper)
[2017-12-09 19:27:07,649] INFO [ExpirationReaper-0-Produce]: Shutting down (kafka.server.DelayedOperationPurgatory$ExpiredOperationReaper)
[2017-12-09 19:27:07,845] INFO [ExpirationReaper-0-Produce]: Stopped (kafka.server.DelayedOperationPurgatory$ExpiredOperationReaper)
[2017-12-09 19:27:07,845] INFO [ExpirationReaper-0-Produce]: Shutdown completed (kafka.server.DelayedOperationPurgatory$ExpiredOperationReaper)
[2017-12-09 19:27:07,846] INFO [ExpirationReaper-0-DeleteRecords]: Shutting down (kafka.server.DelayedOperationPurgatory$ExpiredOperationReaper)
[2017-12-09 19:27:07,853] INFO [ExpirationReaper-0-DeleteRecords]: Stopped (kafka.server.DelayedOperationPurgatory$ExpiredOperationReaper)
[2017-12-09 19:27:07,853] INFO [ExpirationReaper-0-DeleteRecords]: Shutdown completed (kafka.server.DelayedOperationPurgatory$ExpiredOperationReaper)
[2017-12-09 19:27:07,867] INFO [ReplicaManager broker=0] Shut down completely (kafka.server.ReplicaManager)
[2017-12-09 19:27:07,870] INFO Shutting down. (kafka.log.LogManager)
[2017-12-09 19:27:07,894] INFO Shutdown complete. (kafka.log.LogManager)
[2017-12-09 19:27:07,901] INFO Terminate ZkClient event thread. (org.I0Itec.zkclient.ZkEventThread)
[2017-12-09 19:27:07,905] INFO Session: 0x1603b872a430000 closed (org.apache.zookeeper.ZooKeeper)
[2017-12-09 19:27:07,907] INFO EventThread shut down for session: 0x1603b872a430000 (org.apache.zookeeper.ClientCnxn)
[2017-12-09 19:27:07,909] INFO [KafkaServer id=0] shut down completed (kafka.server.KafkaServer)
[2017-12-09 19:27:07,909] FATAL Exiting Kafka. (kafka.server.KafkaServerStartable)
[2017-12-09 19:27:07,912] INFO [KafkaServer id=0] shutting down (kafka.server.KafkaServer)
[2017-12-09 19:30:46,260] INFO KafkaConfig values: 
	advertised.host.name = null
	advertised.listeners = null
	advertised.port = null
	alter.config.policy.class.name = null
	authorizer.class.name = 
	auto.create.topics.enable = true
	auto.leader.rebalance.enable = true
	background.threads = 10
	broker.id = 0
	broker.id.generation.enable = true
	broker.rack = null
	compression.type = producer
	connections.max.idle.ms = 600000
	controlled.shutdown.enable = true
	controlled.shutdown.max.retries = 3
	controlled.shutdown.retry.backoff.ms = 5000
	controller.socket.timeout.ms = 30000
	create.topic.policy.class.name = null
	default.replication.factor = 1
	delete.records.purgatory.purge.interval.requests = 1
	delete.topic.enable = true
	fetch.purgatory.purge.interval.requests = 1000
	group.initial.rebalance.delay.ms = 0
	group.max.session.timeout.ms = 300000
	group.min.session.timeout.ms = 6000
	host.name = 
	inter.broker.listener.name = null
	inter.broker.protocol.version = 1.0-IV0
	leader.imbalance.check.interval.seconds = 300
	leader.imbalance.per.broker.percentage = 10
	listener.security.protocol.map = PLAINTEXT:PLAINTEXT,SSL:SSL,SASL_PLAINTEXT:SASL_PLAINTEXT,SASL_SSL:SASL_SSL
	listeners = null
	log.cleaner.backoff.ms = 15000
	log.cleaner.dedupe.buffer.size = 134217728
	log.cleaner.delete.retention.ms = 86400000
	log.cleaner.enable = true
	log.cleaner.io.buffer.load.factor = 0.9
	log.cleaner.io.buffer.size = 524288
	log.cleaner.io.max.bytes.per.second = 1.7976931348623157E308
	log.cleaner.min.cleanable.ratio = 0.5
	log.cleaner.min.compaction.lag.ms = 0
	log.cleaner.threads = 1
	log.cleanup.policy = [delete]
	log.dir = /tmp/kafka-logs
	log.dirs = /tmp/kafka-logs
	log.flush.interval.messages = 9223372036854775807
	log.flush.interval.ms = null
	log.flush.offset.checkpoint.interval.ms = 60000
	log.flush.scheduler.interval.ms = 9223372036854775807
	log.flush.start.offset.checkpoint.interval.ms = 60000
	log.index.interval.bytes = 4096
	log.index.size.max.bytes = 10485760
	log.message.format.version = 1.0-IV0
	log.message.timestamp.difference.max.ms = 9223372036854775807
	log.message.timestamp.type = CreateTime
	log.preallocate = false
	log.retention.bytes = -1
	log.retention.check.interval.ms = 300000
	log.retention.hours = 168
	log.retention.minutes = null
	log.retention.ms = null
	log.roll.hours = 168
	log.roll.jitter.hours = 0
	log.roll.jitter.ms = null
	log.roll.ms = null
	log.segment.bytes = 1073741824
	log.segment.delete.delay.ms = 60000
	max.connections.per.ip = 2147483647
	max.connections.per.ip.overrides = 
	message.max.bytes = 1000012
	metric.reporters = []
	metrics.num.samples = 2
	metrics.recording.level = INFO
	metrics.sample.window.ms = 30000
	min.insync.replicas = 1
	num.io.threads = 8
	num.network.threads = 3
	num.partitions = 1
	num.recovery.threads.per.data.dir = 1
	num.replica.fetchers = 1
	offset.metadata.max.bytes = 4096
	offsets.commit.required.acks = -1
	offsets.commit.timeout.ms = 5000
	offsets.load.buffer.size = 5242880
	offsets.retention.check.interval.ms = 600000
	offsets.retention.minutes = 1440
	offsets.topic.compression.codec = 0
	offsets.topic.num.partitions = 50
	offsets.topic.replication.factor = 1
	offsets.topic.segment.bytes = 104857600
	port = 9092
	principal.builder.class = null
	producer.purgatory.purge.interval.requests = 1000
	queued.max.request.bytes = -1
	queued.max.requests = 500
	quota.consumer.default = 9223372036854775807
	quota.producer.default = 9223372036854775807
	quota.window.num = 11
	quota.window.size.seconds = 1
	replica.fetch.backoff.ms = 1000
	replica.fetch.max.bytes = 1048576
	replica.fetch.min.bytes = 1
	replica.fetch.response.max.bytes = 10485760
	replica.fetch.wait.max.ms = 500
	replica.high.watermark.checkpoint.interval.ms = 5000
	replica.lag.time.max.ms = 10000
	replica.socket.receive.buffer.bytes = 65536
	replica.socket.timeout.ms = 30000
	replication.quota.window.num = 11
	replication.quota.window.size.seconds = 1
	request.timeout.ms = 30000
	reserved.broker.max.id = 1000
	sasl.enabled.mechanisms = [GSSAPI]
	sasl.kerberos.kinit.cmd = /usr/bin/kinit
	sasl.kerberos.min.time.before.relogin = 60000
	sasl.kerberos.principal.to.local.rules = [DEFAULT]
	sasl.kerberos.service.name = null
	sasl.kerberos.ticket.renew.jitter = 0.05
	sasl.kerberos.ticket.renew.window.factor = 0.8
	sasl.mechanism.inter.broker.protocol = GSSAPI
	security.inter.broker.protocol = PLAINTEXT
	socket.receive.buffer.bytes = 102400
	socket.request.max.bytes = 104857600
	socket.send.buffer.bytes = 102400
	ssl.cipher.suites = null
	ssl.client.auth = none
	ssl.enabled.protocols = [TLSv1.2, TLSv1.1, TLSv1]
	ssl.endpoint.identification.algorithm = null
	ssl.key.password = null
	ssl.keymanager.algorithm = SunX509
	ssl.keystore.location = null
	ssl.keystore.password = null
	ssl.keystore.type = JKS
	ssl.protocol = TLS
	ssl.provider = null
	ssl.secure.random.implementation = null
	ssl.trustmanager.algorithm = PKIX
	ssl.truststore.location = null
	ssl.truststore.password = null
	ssl.truststore.type = JKS
	transaction.abort.timed.out.transaction.cleanup.interval.ms = 60000
	transaction.max.timeout.ms = 900000
	transaction.remove.expired.transaction.cleanup.interval.ms = 3600000
	transaction.state.log.load.buffer.size = 5242880
	transaction.state.log.min.isr = 1
	transaction.state.log.num.partitions = 50
	transaction.state.log.replication.factor = 1
	transaction.state.log.segment.bytes = 104857600
	transactional.id.expiration.ms = 604800000
	unclean.leader.election.enable = false
	zookeeper.connect = localhost:2181
	zookeeper.connection.timeout.ms = 6000
	zookeeper.session.timeout.ms = 6000
	zookeeper.set.acl = false
	zookeeper.sync.time.ms = 2000
 (kafka.server.KafkaConfig)
[2017-12-09 19:30:46,298] INFO starting (kafka.server.KafkaServer)
[2017-12-09 19:30:46,300] INFO Connecting to zookeeper on localhost:2181 (kafka.server.KafkaServer)
[2017-12-09 19:30:46,311] INFO Starting ZkClient event thread. (org.I0Itec.zkclient.ZkEventThread)
[2017-12-09 19:30:48,019] INFO Client environment:zookeeper.version=3.4.10-39d3a4f269333c922ed3db283be479f9deacaa0f, built on 03/23/2017 10:13 GMT (org.apache.zookeeper.ZooKeeper)
[2017-12-09 19:30:48,020] INFO Client environment:host.name=<NA> (org.apache.zookeeper.ZooKeeper)
[2017-12-09 19:30:48,020] INFO Client environment:java.version=1.8.0_151 (org.apache.zookeeper.ZooKeeper)
[2017-12-09 19:30:48,021] INFO Client environment:java.vendor=Oracle Corporation (org.apache.zookeeper.ZooKeeper)
[2017-12-09 19:30:48,021] INFO Client environment:java.home=/usr/lib/jvm/java-8-oracle/jre (org.apache.zookeeper.ZooKeeper)
[2017-12-09 19:30:48,021] INFO Client environment:java.class.path=:bin/../libs/aopalliance-repackaged-2.5.0-b32.jar:bin/../libs/argparse4j-0.7.0.jar:bin/../libs/commons-lang3-3.5.jar:bin/../libs/connect-api-1.0.0.jar:bin/../libs/connect-file-1.0.0.jar:bin/../libs/connect-json-1.0.0.jar:bin/../libs/connect-runtime-1.0.0.jar:bin/../libs/connect-transforms-1.0.0.jar:bin/../libs/guava-20.0.jar:bin/../libs/hk2-api-2.5.0-b32.jar:bin/../libs/hk2-locator-2.5.0-b32.jar:bin/../libs/hk2-utils-2.5.0-b32.jar:bin/../libs/jackson-annotations-2.9.1.jar:bin/../libs/jackson-core-2.9.1.jar:bin/../libs/jackson-databind-2.9.1.jar:bin/../libs/jackson-jaxrs-base-2.9.1.jar:bin/../libs/jackson-jaxrs-json-provider-2.9.1.jar:bin/../libs/jackson-module-jaxb-annotations-2.9.1.jar:bin/../libs/javassist-3.20.0-GA.jar:bin/../libs/javassist-3.21.0-GA.jar:bin/../libs/javax.annotation-api-1.2.jar:bin/../libs/javax.inject-1.jar:bin/../libs/javax.inject-2.5.0-b32.jar:bin/../libs/javax.servlet-api-3.1.0.jar:bin/../libs/javax.ws.rs-api-2.0.1.jar:bin/../libs/jersey-client-2.25.1.jar:bin/../libs/jersey-common-2.25.1.jar:bin/../libs/jersey-container-servlet-2.25.1.jar:bin/../libs/jersey-container-servlet-core-2.25.1.jar:bin/../libs/jersey-guava-2.25.1.jar:bin/../libs/jersey-media-jaxb-2.25.1.jar:bin/../libs/jersey-server-2.25.1.jar:bin/../libs/jetty-continuation-9.2.22.v20170606.jar:bin/../libs/jetty-http-9.2.22.v20170606.jar:bin/../libs/jetty-io-9.2.22.v20170606.jar:bin/../libs/jetty-security-9.2.22.v20170606.jar:bin/../libs/jetty-server-9.2.22.v20170606.jar:bin/../libs/jetty-servlet-9.2.22.v20170606.jar:bin/../libs/jetty-servlets-9.2.22.v20170606.jar:bin/../libs/jetty-util-9.2.22.v20170606.jar:bin/../libs/jopt-simple-5.0.4.jar:bin/../libs/kafka_2.11-1.0.0.jar:bin/../libs/kafka_2.11-1.0.0-sources.jar:bin/../libs/kafka_2.11-1.0.0-test-sources.jar:bin/../libs/kafka-clients-1.0.0.jar:bin/../libs/kafka-log4j-appender-1.0.0.jar:bin/../libs/kafka-streams-1.0.0.jar:bin/../libs/kafka-streams-examples-1.0.0.jar:bin/../libs/kafka-tools-1.0.0.jar:bin/../libs/log4j-1.2.17.jar:bin/../libs/lz4-java-1.4.jar:bin/../libs/maven-artifact-3.5.0.jar:bin/../libs/metrics-core-2.2.0.jar:bin/../libs/osgi-resource-locator-1.0.1.jar:bin/../libs/plexus-utils-3.0.24.jar:bin/../libs/reflections-0.9.11.jar:bin/../libs/rocksdbjni-5.7.3.jar:bin/../libs/scala-library-2.11.11.jar:bin/../libs/slf4j-api-1.7.25.jar:bin/../libs/slf4j-log4j12-1.7.25.jar:bin/../libs/snappy-java-1.1.4.jar:bin/../libs/validation-api-1.1.0.Final.jar:bin/../libs/zkclient-0.10.jar:bin/../libs/zookeeper-3.4.10.jar (org.apache.zookeeper.ZooKeeper)
[2017-12-09 19:30:48,022] INFO Client environment:java.library.path=/usr/java/packages/lib/amd64:/usr/lib64:/lib64:/lib:/usr/lib (org.apache.zookeeper.ZooKeeper)
[2017-12-09 19:30:48,023] INFO Client environment:java.io.tmpdir=/tmp (org.apache.zookeeper.ZooKeeper)
[2017-12-09 19:30:48,023] INFO Client environment:java.compiler=<NA> (org.apache.zookeeper.ZooKeeper)
[2017-12-09 19:30:48,023] INFO Client environment:os.name=Linux (org.apache.zookeeper.ZooKeeper)
[2017-12-09 19:30:48,023] INFO Client environment:os.arch=amd64 (org.apache.zookeeper.ZooKeeper)
[2017-12-09 19:30:48,024] INFO Client environment:os.version=4.4.0-98-generic (org.apache.zookeeper.ZooKeeper)
[2017-12-09 19:30:48,024] INFO Client environment:user.name=root (org.apache.zookeeper.ZooKeeper)
[2017-12-09 19:30:48,024] INFO Client environment:user.home=/root (org.apache.zookeeper.ZooKeeper)
[2017-12-09 19:30:48,024] INFO Client environment:user.dir=/home/ali/Documents/elastic_search_learning/04ImportingData/kafka/kafka_2.11-1.0.0 (org.apache.zookeeper.ZooKeeper)
[2017-12-09 19:30:48,028] INFO Initiating client connection, connectString=localhost:2181 sessionTimeout=6000 watcher=org.I0Itec.zkclient.ZkClient@79924b (org.apache.zookeeper.ZooKeeper)
[2017-12-09 19:30:48,071] INFO Waiting for keeper state SyncConnected (org.I0Itec.zkclient.ZkClient)
[2017-12-09 19:30:48,074] INFO Opening socket connection to server localhost/127.0.0.1:2181. Will not attempt to authenticate using SASL (unknown error) (org.apache.zookeeper.ClientCnxn)
[2017-12-09 19:30:48,083] INFO Socket connection established to localhost/127.0.0.1:2181, initiating session (org.apache.zookeeper.ClientCnxn)
[2017-12-09 19:30:48,096] INFO Session establishment complete on server localhost/127.0.0.1:2181, sessionid = 0x1603b872a430002, negotiated timeout = 6000 (org.apache.zookeeper.ClientCnxn)
[2017-12-09 19:30:48,099] INFO zookeeper state changed (SyncConnected) (org.I0Itec.zkclient.ZkClient)
[2017-12-09 19:30:48,258] INFO Cluster ID = 4nwCWPvNR8KZCClYbDdqcg (kafka.server.KafkaServer)
[2017-12-09 19:30:48,263] WARN No meta.properties file under dir /tmp/kafka-logs/meta.properties (kafka.server.BrokerMetadataCheckpoint)
[2017-12-09 19:30:48,290] INFO [ThrottledRequestReaper-Fetch]: Starting (kafka.server.ClientQuotaManager$ThrottledRequestReaper)
[2017-12-09 19:30:48,290] INFO [ThrottledRequestReaper-Produce]: Starting (kafka.server.ClientQuotaManager$ThrottledRequestReaper)
[2017-12-09 19:30:48,291] INFO [ThrottledRequestReaper-Request]: Starting (kafka.server.ClientQuotaManager$ThrottledRequestReaper)
[2017-12-09 19:30:48,328] INFO Loading logs. (kafka.log.LogManager)
[2017-12-09 19:30:48,335] INFO Logs loading complete in 7 ms. (kafka.log.LogManager)
[2017-12-09 19:30:48,382] INFO Starting log cleanup with a period of 300000 ms. (kafka.log.LogManager)
[2017-12-09 19:30:48,384] INFO Starting log flusher with a default period of 9223372036854775807 ms. (kafka.log.LogManager)
[2017-12-09 19:30:48,608] INFO Awaiting socket connections on 0.0.0.0:9092. (kafka.network.Acceptor)
[2017-12-09 19:30:48,611] INFO [SocketServer brokerId=0] Started 1 acceptor threads (kafka.network.SocketServer)
[2017-12-09 19:30:48,647] INFO [ExpirationReaper-0-Produce]: Starting (kafka.server.DelayedOperationPurgatory$ExpiredOperationReaper)
[2017-12-09 19:30:48,647] INFO [ExpirationReaper-0-Fetch]: Starting (kafka.server.DelayedOperationPurgatory$ExpiredOperationReaper)
[2017-12-09 19:30:48,647] INFO [ExpirationReaper-0-DeleteRecords]: Starting (kafka.server.DelayedOperationPurgatory$ExpiredOperationReaper)
[2017-12-09 19:30:48,654] INFO [LogDirFailureHandler]: Starting (kafka.server.ReplicaManager$LogDirFailureHandler)
[2017-12-09 19:30:48,682] INFO [ExpirationReaper-0-topic]: Starting (kafka.server.DelayedOperationPurgatory$ExpiredOperationReaper)
[2017-12-09 19:30:48,684] INFO [ExpirationReaper-0-Heartbeat]: Starting (kafka.server.DelayedOperationPurgatory$ExpiredOperationReaper)
[2017-12-09 19:30:48,687] INFO [ExpirationReaper-0-Rebalance]: Starting (kafka.server.DelayedOperationPurgatory$ExpiredOperationReaper)
[2017-12-09 19:30:48,695] INFO Creating /controller (is it secure? false) (kafka.utils.ZKCheckedEphemeral)
[2017-12-09 19:30:48,698] INFO [GroupCoordinator 0]: Starting up. (kafka.coordinator.group.GroupCoordinator)
[2017-12-09 19:30:48,699] INFO [GroupCoordinator 0]: Startup complete. (kafka.coordinator.group.GroupCoordinator)
[2017-12-09 19:30:48,700] INFO [GroupMetadataManager brokerId=0] Removed 0 expired offsets in 1 milliseconds. (kafka.coordinator.group.GroupMetadataManager)
[2017-12-09 19:30:48,702] INFO Result of znode creation is: OK (kafka.utils.ZKCheckedEphemeral)
[2017-12-09 19:30:48,712] INFO [ProducerId Manager 0]: Acquired new producerId block (brokerId:0,blockStartProducerId:1000,blockEndProducerId:1999) by writing to Zk with path version 2 (kafka.coordinator.transaction.ProducerIdManager)
[2017-12-09 19:30:48,727] INFO [TransactionCoordinator id=0] Starting up. (kafka.coordinator.transaction.TransactionCoordinator)
[2017-12-09 19:30:48,728] INFO [Transaction Marker Channel Manager 0]: Starting (kafka.coordinator.transaction.TransactionMarkerChannelManager)
[2017-12-09 19:30:48,728] INFO [TransactionCoordinator id=0] Startup complete. (kafka.coordinator.transaction.TransactionCoordinator)
[2017-12-09 19:30:50,370] FATAL [KafkaServer id=0] Fatal error during KafkaServer startup. Prepare to shutdown (kafka.server.KafkaServer)
java.net.UnknownHostException: 127.0.1.1ali-pc-new: 127.0.1.1ali-pc-new: Name or service not known
	at java.net.InetAddress.getLocalHost(InetAddress.java:1505)
	at kafka.server.KafkaHealthcheck$$anonfun$1.apply(KafkaHealthcheck.scala:63)
	at kafka.server.KafkaHealthcheck$$anonfun$1.apply(KafkaHealthcheck.scala:61)
	at scala.collection.TraversableLike$$anonfun$map$1.apply(TraversableLike.scala:234)
	at scala.collection.TraversableLike$$anonfun$map$1.apply(TraversableLike.scala:234)
	at scala.collection.mutable.ResizableArray$class.foreach(ResizableArray.scala:59)
	at scala.collection.mutable.ArrayBuffer.foreach(ArrayBuffer.scala:48)
	at scala.collection.TraversableLike$class.map(TraversableLike.scala:234)
	at scala.collection.AbstractTraversable.map(Traversable.scala:104)
	at kafka.server.KafkaHealthcheck.register(KafkaHealthcheck.scala:61)
	at kafka.server.KafkaHealthcheck.startup(KafkaHealthcheck.scala:53)
	at kafka.server.KafkaServer.startup(KafkaServer.scala:287)
	at kafka.server.KafkaServerStartable.startup(KafkaServerStartable.scala:38)
	at kafka.Kafka$.main(Kafka.scala:92)
	at kafka.Kafka.main(Kafka.scala)
Caused by: java.net.UnknownHostException: 127.0.1.1ali-pc-new: Name or service not known
	at java.net.Inet6AddressImpl.lookupAllHostAddr(Native Method)
	at java.net.InetAddress$2.lookupAllHostAddr(InetAddress.java:928)
	at java.net.InetAddress.getAddressesFromNameService(InetAddress.java:1323)
	at java.net.InetAddress.getLocalHost(InetAddress.java:1500)
	... 14 more
[2017-12-09 19:30:50,382] INFO [KafkaServer id=0] shutting down (kafka.server.KafkaServer)
[2017-12-09 19:30:50,392] INFO [SocketServer brokerId=0] Shutting down (kafka.network.SocketServer)
[2017-12-09 19:30:50,405] INFO [SocketServer brokerId=0] Shutdown completed (kafka.network.SocketServer)
[2017-12-09 19:30:50,406] INFO [Kafka Request Handler on Broker 0], shutting down (kafka.server.KafkaRequestHandlerPool)
[2017-12-09 19:30:50,437] INFO [Kafka Request Handler on Broker 0], shut down completely (kafka.server.KafkaRequestHandlerPool)
[2017-12-09 19:30:50,438] INFO [ThrottledRequestReaper-Fetch]: Shutting down (kafka.server.ClientQuotaManager$ThrottledRequestReaper)
[2017-12-09 19:30:51,293] INFO [ThrottledRequestReaper-Fetch]: Shutdown completed (kafka.server.ClientQuotaManager$ThrottledRequestReaper)
[2017-12-09 19:30:51,293] INFO [ThrottledRequestReaper-Fetch]: Stopped (kafka.server.ClientQuotaManager$ThrottledRequestReaper)
[2017-12-09 19:30:51,293] INFO [ThrottledRequestReaper-Produce]: Shutting down (kafka.server.ClientQuotaManager$ThrottledRequestReaper)
[2017-12-09 19:30:52,291] INFO [ThrottledRequestReaper-Produce]: Stopped (kafka.server.ClientQuotaManager$ThrottledRequestReaper)
[2017-12-09 19:30:52,291] INFO [ThrottledRequestReaper-Produce]: Shutdown completed (kafka.server.ClientQuotaManager$ThrottledRequestReaper)
[2017-12-09 19:30:52,293] INFO [ThrottledRequestReaper-Request]: Shutting down (kafka.server.ClientQuotaManager$ThrottledRequestReaper)
[2017-12-09 19:30:53,293] INFO [ThrottledRequestReaper-Request]: Stopped (kafka.server.ClientQuotaManager$ThrottledRequestReaper)
[2017-12-09 19:30:53,293] INFO [ThrottledRequestReaper-Request]: Shutdown completed (kafka.server.ClientQuotaManager$ThrottledRequestReaper)
[2017-12-09 19:30:53,297] INFO [KafkaApi-0] Shutdown complete. (kafka.server.KafkaApis)
[2017-12-09 19:30:53,300] INFO [ExpirationReaper-0-topic]: Shutting down (kafka.server.DelayedOperationPurgatory$ExpiredOperationReaper)
[2017-12-09 19:30:53,491] INFO [ExpirationReaper-0-topic]: Stopped (kafka.server.DelayedOperationPurgatory$ExpiredOperationReaper)
[2017-12-09 19:30:53,491] INFO [ExpirationReaper-0-topic]: Shutdown completed (kafka.server.DelayedOperationPurgatory$ExpiredOperationReaper)
[2017-12-09 19:30:53,506] INFO [TransactionCoordinator id=0] Shutting down. (kafka.coordinator.transaction.TransactionCoordinator)
[2017-12-09 19:30:53,508] INFO [ProducerId Manager 0]: Shutdown complete: last producerId assigned 1000 (kafka.coordinator.transaction.ProducerIdManager)
[2017-12-09 19:30:53,510] INFO [Transaction State Manager 0]: Shutdown complete (kafka.coordinator.transaction.TransactionStateManager)
[2017-12-09 19:30:53,510] INFO [Transaction Marker Channel Manager 0]: Shutting down (kafka.coordinator.transaction.TransactionMarkerChannelManager)
[2017-12-09 19:30:53,511] INFO [Transaction Marker Channel Manager 0]: Shutdown completed (kafka.coordinator.transaction.TransactionMarkerChannelManager)
[2017-12-09 19:30:53,511] INFO [Transaction Marker Channel Manager 0]: Stopped (kafka.coordinator.transaction.TransactionMarkerChannelManager)
[2017-12-09 19:30:53,513] INFO [TransactionCoordinator id=0] Shutdown complete. (kafka.coordinator.transaction.TransactionCoordinator)
[2017-12-09 19:30:53,515] INFO [GroupCoordinator 0]: Shutting down. (kafka.coordinator.group.GroupCoordinator)
[2017-12-09 19:30:53,516] INFO [ExpirationReaper-0-Heartbeat]: Shutting down (kafka.server.DelayedOperationPurgatory$ExpiredOperationReaper)
[2017-12-09 19:30:53,694] INFO [ExpirationReaper-0-Heartbeat]: Stopped (kafka.server.DelayedOperationPurgatory$ExpiredOperationReaper)
[2017-12-09 19:30:53,695] INFO [ExpirationReaper-0-Heartbeat]: Shutdown completed (kafka.server.DelayedOperationPurgatory$ExpiredOperationReaper)
[2017-12-09 19:30:53,696] INFO [ExpirationReaper-0-Rebalance]: Shutting down (kafka.server.DelayedOperationPurgatory$ExpiredOperationReaper)
[2017-12-09 19:30:53,896] INFO [ExpirationReaper-0-Rebalance]: Stopped (kafka.server.DelayedOperationPurgatory$ExpiredOperationReaper)
[2017-12-09 19:30:53,896] INFO [ExpirationReaper-0-Rebalance]: Shutdown completed (kafka.server.DelayedOperationPurgatory$ExpiredOperationReaper)
[2017-12-09 19:30:53,896] INFO [GroupCoordinator 0]: Shutdown complete. (kafka.coordinator.group.GroupCoordinator)
[2017-12-09 19:30:53,897] INFO [ReplicaManager broker=0] Shutting down (kafka.server.ReplicaManager)
[2017-12-09 19:30:53,897] INFO [LogDirFailureHandler]: Shutting down (kafka.server.ReplicaManager$LogDirFailureHandler)
[2017-12-09 19:30:53,897] INFO [LogDirFailureHandler]: Stopped (kafka.server.ReplicaManager$LogDirFailureHandler)
[2017-12-09 19:30:53,897] INFO [LogDirFailureHandler]: Shutdown completed (kafka.server.ReplicaManager$LogDirFailureHandler)
[2017-12-09 19:30:53,898] INFO [ReplicaFetcherManager on broker 0] shutting down (kafka.server.ReplicaFetcherManager)
[2017-12-09 19:30:53,899] INFO [ReplicaFetcherManager on broker 0] shutdown completed (kafka.server.ReplicaFetcherManager)
[2017-12-09 19:30:53,899] INFO [ExpirationReaper-0-Fetch]: Shutting down (kafka.server.DelayedOperationPurgatory$ExpiredOperationReaper)
[2017-12-09 19:30:54,055] INFO [ExpirationReaper-0-Fetch]: Stopped (kafka.server.DelayedOperationPurgatory$ExpiredOperationReaper)
[2017-12-09 19:30:54,056] INFO [ExpirationReaper-0-Fetch]: Shutdown completed (kafka.server.DelayedOperationPurgatory$ExpiredOperationReaper)
[2017-12-09 19:30:54,057] INFO [ExpirationReaper-0-Produce]: Shutting down (kafka.server.DelayedOperationPurgatory$ExpiredOperationReaper)
[2017-12-09 19:30:54,256] INFO [ExpirationReaper-0-Produce]: Stopped (kafka.server.DelayedOperationPurgatory$ExpiredOperationReaper)
[2017-12-09 19:30:54,256] INFO [ExpirationReaper-0-Produce]: Shutdown completed (kafka.server.DelayedOperationPurgatory$ExpiredOperationReaper)
[2017-12-09 19:30:54,257] INFO [ExpirationReaper-0-DeleteRecords]: Shutting down (kafka.server.DelayedOperationPurgatory$ExpiredOperationReaper)
[2017-12-09 19:30:54,456] INFO [ExpirationReaper-0-DeleteRecords]: Stopped (kafka.server.DelayedOperationPurgatory$ExpiredOperationReaper)
[2017-12-09 19:30:54,456] INFO [ExpirationReaper-0-DeleteRecords]: Shutdown completed (kafka.server.DelayedOperationPurgatory$ExpiredOperationReaper)
[2017-12-09 19:30:54,465] INFO [ReplicaManager broker=0] Shut down completely (kafka.server.ReplicaManager)
[2017-12-09 19:30:54,467] INFO Shutting down. (kafka.log.LogManager)
[2017-12-09 19:30:54,490] INFO Shutdown complete. (kafka.log.LogManager)
[2017-12-09 19:30:54,497] INFO Terminate ZkClient event thread. (org.I0Itec.zkclient.ZkEventThread)
[2017-12-09 19:30:54,500] INFO Session: 0x1603b872a430002 closed (org.apache.zookeeper.ZooKeeper)
[2017-12-09 19:30:54,502] INFO EventThread shut down for session: 0x1603b872a430002 (org.apache.zookeeper.ClientCnxn)
[2017-12-09 19:30:54,506] INFO [KafkaServer id=0] shut down completed (kafka.server.KafkaServer)
[2017-12-09 19:30:54,506] FATAL Exiting Kafka. (kafka.server.KafkaServerStartable)
[2017-12-09 19:30:54,508] INFO [KafkaServer id=0] shutting down (kafka.server.KafkaServer)
